1003
259
24992
4333
14426
2340
25636
4779
24176
4669
30452
4594
29485
5444
30497
5190
30679
6056
31780
5818
33026
6069
40398
7509
37650
7309
40215
8219
42197
7852
43417
7761
48576
9450
51461
11600
1003
259
14426
2340
24992
4333
25636
4779
30497
5190
33026
6069
30679
6056
37650
7309
40215
8219
51461
11600
43417
7761
48576
9450
1003
259
14426
2340
24176
4669
42197
7852
37650
7309
40618
7345
29485
5444
30452
4594
31780
5818
30679
6056
43417
7761
48576
9450
51461
11600
24176
29485
30452
30086
31780
30679
40618
37650
40215
1003
43417
48576
14426
21433
51461
